14:42:18 array (
  'gateway_url' => 'http://www.holfo.cn/payment/payoff.cgi',
  'iver' => '3.14',
  'version' => 'zencart1.5.1',
  'merchantno' => '926078',
  'siteid' => '123456',
  'order_sn' => 1,
  'rpcookie' => NULL,
  'order_time' => '20151218144218',
  'language' => 'jp',
  'currency' => 'JPY',
  'amount' => '11712.00',
  'shippingfee' => '0.00',
  'vat' => '0.00',
  'discount' => '0.00',
  'total_output' => 'ICAgICAgICAgICAgICA8dHI+CiAgICAgICAgICAgICAgICA8dGQgYWxpZ249InJpZ2h0IiBjbGFzcz0ib3Qtc3VidG90YWwtVGV4dCI+5bCP6KiIOjwvdGQ+CiAgICAgICAgICAgICAgICA8dGQgYWxpZ249InJpZ2h0IiBjbGFzcz0ib3Qtc3VidG90YWwtQW1vdW50Ij4xMSw3MTLlhoY8L3RkPgogICAgICAgICAgICAgIDwvdHI+ICAgICAgICAgICAgICA8dHI+CiAgICAgICAgICAgICAgICA8dGQgYWxpZ249InJpZ2h0IiBjbGFzcz0ib3Qtc2hpcHBpbmctVGV4dCI+6YWN6YCB5paZ54Sh5paZ44Kq44OX44K344On44OzICjphY3pgIHmlpnnhKHmlpkpOjwvdGQ+CiAgICAgICAgICAgICAgICA8dGQgYWxpZ249InJpZ2h0IiBjbGFzcz0ib3Qtc2hpcHBpbmctQW1vdW50Ij4w5YaGPC90ZD4KICAgICAgICAgICAgICA8L3RyPiAgICAgICAgICAgICAgPHRyPgogICAgICAgICAgICAgICAgPHRkIGFsaWduPSJyaWdodCIgY2xhc3M9Im90LXRvdGFsLVRleHQiPuWQiOioiDo8L3RkPgogICAgICAgICAgICAgICAgPHRkIGFsaWduPSJyaWdodCIgY2xhc3M9Im90LXRvdGFsLUFtb3VudCI+MTEsNzEy5YaGPC90ZD4KICAgICAgICAgICAgICA8L3RyPg==',
  'product_name[0]' => ' ',
  'product_no[0]' => 'F200301901',
  'price_unit[0]' => '7680.00',
  'quantity[0]' => 1,
  'product_name[1]' => ' ',
  'product_no[1]' => 'F200301777',
  'price_unit[1]' => '4032.00',
  'quantity[1]' => 1,
  'verifycode' => '044bde5d60c014535d5de5cb4b0af9bf',
  'notifyurl' => 'http://localhost/zc_new/rpsitepay_check.php',
  'email' => 'admin@qq.com',
  'shipfirstname' => 'admin1',
  'shiplastname' => 'admins1',
  'shipaddress' => 'admin,',
  'shipcity' => 'admin',
  'shippostcode' => '12312312',
  'shipstate' => '富山県',
  'shipcountry' => 'JP',
  'shipphone' => '123123123',
  'billfirstname' => 'admin1',
  'billlastname' => 'admins1',
  'billaddress' => 'admin,',
  'billcity' => 'admin',
  'billstate' => '富山県',
  'billpostcode' => '12312312',
  'billcountry' => 'JP',
  'billphone' => '123123123',
) 
14:43:43 array (
  'gateway_url' => 'http://www.holfo.cn/payment/payoff.cgi',
  'iver' => '3.14',
  'version' => 'zencart1.5.1',
  'merchantno' => '926078',
  'siteid' => '123456',
  'order_sn' => '1',
  'rpcookie' => NULL,
  'order_time' => '20151218144343',
  'language' => 'jp',
  'currency' => 'JPY',
  'amount' => '11712.00',
  'shippingfee' => '0.00',
  'vat' => '0.00',
  'discount' => '0.00',
  'total_output' => 'ICAgICAgICAgICAgICA8dHI+CiAgICAgICAgICAgICAgICA8dGQgYWxpZ249InJpZ2h0IiBjbGFzcz0ib3Qtc3VidG90YWwtVGV4dCI+5bCP6KiIOjwvdGQ+CiAgICAgICAgICAgICAgICA8dGQgYWxpZ249InJpZ2h0IiBjbGFzcz0ib3Qtc3VidG90YWwtQW1vdW50Ij4xMSw3MTLlhoY8L3RkPgogICAgICAgICAgICAgIDwvdHI+ICAgICAgICAgICAgICA8dHI+CiAgICAgICAgICAgICAgICA8dGQgYWxpZ249InJpZ2h0IiBjbGFzcz0ib3Qtc2hpcHBpbmctVGV4dCI+6YWN6YCB5paZ54Sh5paZ44Kq44OX44K344On44OzICjphY3pgIHmlpnnhKHmlpkpOjwvdGQ+CiAgICAgICAgICAgICAgICA8dGQgYWxpZ249InJpZ2h0IiBjbGFzcz0ib3Qtc2hpcHBpbmctQW1vdW50Ij4w5YaGPC90ZD4KICAgICAgICAgICAgICA8L3RyPiAgICAgICAgICAgICAgPHRyPgogICAgICAgICAgICAgICAgPHRkIGFsaWduPSJyaWdodCIgY2xhc3M9Im90LXRvdGFsLVRleHQiPuWQiOioiDo8L3RkPgogICAgICAgICAgICAgICAgPHRkIGFsaWduPSJyaWdodCIgY2xhc3M9Im90LXRvdGFsLUFtb3VudCI+MTEsNzEy5YaGPC90ZD4KICAgICAgICAgICAgICA8L3RyPg==',
  'product_name[0]' => ' ',
  'product_no[0]' => 'F200301901',
  'price_unit[0]' => '7680.00',
  'quantity[0]' => 1,
  'product_name[1]' => ' ',
  'product_no[1]' => 'F200301777',
  'price_unit[1]' => '4032.00',
  'quantity[1]' => 1,
  'verifycode' => '044bde5d60c014535d5de5cb4b0af9bf',
  'notifyurl' => 'http://localhost/zc_new/rpsitepay_check.php',
  'email' => 'admin@qq.com',
  'shipfirstname' => 'admin1',
  'shiplastname' => 'admins1',
  'shipaddress' => 'admin,',
  'shipcity' => 'admin',
  'shippostcode' => '12312312',
  'shipstate' => '富山県',
  'shipcountry' => 'JP',
  'shipphone' => '123123123',
  'billfirstname' => 'admin1',
  'billlastname' => 'admins1',
  'billaddress' => 'admin,',
  'billcity' => 'admin',
  'billstate' => '富山県',
  'billpostcode' => '12312312',
  'billcountry' => 'JP',
  'billphone' => '123123123',
) 
14:43:52 array (
  'gateway_url' => 'http://www.holfo.cn/payment/payoff.cgi',
  'iver' => '3.14',
  'version' => 'zencart1.5.1',
  'merchantno' => '926078',
  'siteid' => '123456',
  'order_sn' => '1',
  'rpcookie' => NULL,
  'order_time' => '20151218144352',
  'language' => 'jp',
  'currency' => 'JPY',
  'amount' => '11712.00',
  'shippingfee' => '0.00',
  'vat' => '0.00',
  'discount' => '0.00',
  'total_output' => 'ICAgICAgICAgICAgICA8dHI+CiAgICAgICAgICAgICAgICA8dGQgYWxpZ249InJpZ2h0IiBjbGFzcz0ib3Qtc3VidG90YWwtVGV4dCI+5bCP6KiIOjwvdGQ+CiAgICAgICAgICAgICAgICA8dGQgYWxpZ249InJpZ2h0IiBjbGFzcz0ib3Qtc3VidG90YWwtQW1vdW50Ij4xMSw3MTLlhoY8L3RkPgogICAgICAgICAgICAgIDwvdHI+ICAgICAgICAgICAgICA8dHI+CiAgICAgICAgICAgICAgICA8dGQgYWxpZ249InJpZ2h0IiBjbGFzcz0ib3Qtc2hpcHBpbmctVGV4dCI+6YWN6YCB5paZ54Sh5paZ44Kq44OX44K344On44OzICjphY3pgIHmlpnnhKHmlpkpOjwvdGQ+CiAgICAgICAgICAgICAgICA8dGQgYWxpZ249InJpZ2h0IiBjbGFzcz0ib3Qtc2hpcHBpbmctQW1vdW50Ij4w5YaGPC90ZD4KICAgICAgICAgICAgICA8L3RyPiAgICAgICAgICAgICAgPHRyPgogICAgICAgICAgICAgICAgPHRkIGFsaWduPSJyaWdodCIgY2xhc3M9Im90LXRvdGFsLVRleHQiPuWQiOioiDo8L3RkPgogICAgICAgICAgICAgICAgPHRkIGFsaWduPSJyaWdodCIgY2xhc3M9Im90LXRvdGFsLUFtb3VudCI+MTEsNzEy5YaGPC90ZD4KICAgICAgICAgICAgICA8L3RyPg==',
  'product_name[0]' => ' ',
  'product_no[0]' => 'F200301901',
  'price_unit[0]' => '7680.00',
  'quantity[0]' => 1,
  'product_name[1]' => ' ',
  'product_no[1]' => 'F200301777',
  'price_unit[1]' => '4032.00',
  'quantity[1]' => 1,
  'verifycode' => '044bde5d60c014535d5de5cb4b0af9bf',
  'notifyurl' => 'http://localhost/zc_new/rpsitepay_check.php',
  'email' => 'admin@qq.com',
  'shipfirstname' => 'admin1',
  'shiplastname' => 'admins1',
  'shipaddress' => 'admin,',
  'shipcity' => 'admin',
  'shippostcode' => '12312312',
  'shipstate' => '富山県',
  'shipcountry' => 'JP',
  'shipphone' => '123123123',
  'billfirstname' => 'admin1',
  'billlastname' => 'admins1',
  'billaddress' => 'admin,',
  'billcity' => 'admin',
  'billstate' => '富山県',
  'billpostcode' => '12312312',
  'billcountry' => 'JP',
  'billphone' => '123123123',
) 
